{
  "0 debug pnpm:scope": {
    "selected": 1
  },
  "1 debug pnpm:package-manifest": {
    "initial": {
      "name": "lw3-cli",
      "version": "1.0.0",
      "description": "LW3 CLI to kickstart your web3 project",
      "main": "src/index.js",
      "bin": {
        "@LearnWeb3DAO/lw3-cli": "bin/lw3-cli",
        "lw3-cli": "bin/lw3-cli"
      },
      "publishConfig": {
        "access": "public"
      },
      "scripts": {
        "test": "echo \"Error: no test specified\" && exit 1"
      },
      "repository": {
        "type": "git",
        "url": "git+https://github.com/LearnWeb3DAO/lw3-cli.git"
      },
      "keywords": [
        "cli",
        "lw3-cli",
        "LearnWeb3DAO"
      ],
      "author": "",
      "license": "ISC",
      "bugs": {
        "url": "https://github.com/LearnWeb3DAO/lw3-cli/issues"
      },
      "homepage": "https://github.com/LearnWeb3DAO/lw3-cli#readme",
      "dependencies": {
        "arg": "^5.0.1",
        "esm": "^3.2.25",
        "inquirer": "^8.2.2"
      }
    },
    "prefix": "/Users/jordan/Projects/lw3-cli"
  },
  "2 debug pnpm:context": {
    "currentLockfileExists": false,
    "storeDir": "/Users/jordan/.pnpm-store/v3",
    "virtualStoreDir": "/Users/jordan/Projects/lw3-cli/node_modules/.pnpm"
  },
  "3 debug pnpm:stage": {
    "prefix": "/Users/jordan/Projects/lw3-cli",
    "stage": "resolution_started"
  },
  "4 debug pnpm:_dependency_resolved": {
    "resolution": "registry.npmjs.org/arg/5.0.1",
    "wanted": {
      "dependentId": ".",
      "name": "arg",
      "rawSpec": "^5.0.1"
    }
  },
  "5 debug pnpm:progress": {
    "packageId": "registry.npmjs.org/arg/5.0.1",
    "requester": "/Users/jordan/Projects/lw3-cli",
    "status": "resolved"
  },
  "6 debug pnpm:progress": {
    "packageId": "registry.npmjs.org/arg/5.0.1",
    "requester": "/Users/jordan/Projects/lw3-cli",
    "status": "found_in_store"
  },
  "7 debug pnpm:_dependency_resolved": {
    "resolution": "registry.npmjs.org/esm/3.2.25",
    "wanted": {
      "dependentId": ".",
      "name": "esm",
      "rawSpec": "^3.2.25"
    }
  },
  "8 debug pnpm:progress": {
    "packageId": "registry.npmjs.org/esm/3.2.25",
    "requester": "/Users/jordan/Projects/lw3-cli",
    "status": "resolved"
  },
  "9 debug pnpm:progress": {
    "packageId": "registry.npmjs.org/esm/3.2.25",
    "requester": "/Users/jordan/Projects/lw3-cli",
    "status": "found_in_store"
  },
  "10 debug pnpm:_dependency_resolved": {
    "resolution": "registry.npmjs.org/inquirer/8.2.2",
    "wanted": {
      "dependentId": ".",
      "name": "inquirer",
      "rawSpec": "^8.2.2"
    }
  },
  "11 debug pnpm:progress": {
    "packageId": "registry.npmjs.org/inquirer/8.2.2",
    "requester": "/Users/jordan/Projects/lw3-cli",
    "status": "resolved"
  },
  "12 debug pnpm:progress": {
    "packageId": "registry.npmjs.org/inquirer/8.2.2",
    "requester": "/Users/jordan/Projects/lw3-cli",
    "status": "found_in_store"
  },
  "13 error pnpm": {
    "code": "ERR_PNPM_FETCH_404",
    "hint": "Handlebars is not in the npm registry, or you have no permission to fetch it.\n\nAn authorization header was used: Bearer npm_[hidden]",
    "request": {
      "authHeaderValue": "Bearer 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",
      "url": "https://registry.npmjs.org/Handlebars"
    },
    "response": {
      "size": 0
    },
    "pkgName": "Handlebars",
    "pkgsStack": [],
    "err": {
      "name": "pnpm",
      "message": "GET https://registry.npmjs.org/Handlebars: Not Found - 404",
      "code": "ERR_PNPM_FETCH_404",
      "stack": "pnpm: GET https://registry.npmjs.org/Handlebars: Not Found - 404\n    at RetryOperation._fn (/Users/jordan/.nvm/versions/node/v16.14.2/pnpm-global/5/node_modules/.pnpm/pnpm@6.32.6/node_modules/pnpm/dist/pnpm.cjs:85721:19)\n    at processTicksAndRejections (node:internal/process/task_queues:96:5)"
    }
  }
}